
--- Job problem_4_no_eps.gms Start 12/05/22 19:06:03 40.1.1 23eb37fb WEX-WEI x86 64bit/MS Windows
--- Applying:
    D:\GAMS\40\gmsprmNT.txt
--- GAMS Parameters defined
    Input D:\OneDrive\Documents\GitHub\JSSP_optimization_project\GAMS\problem_4_no_eps.gms
    PageSize 0
    ScrDir D:\OneDrive\Documents\GitHub\JSSP_optimization_project\GAMS\225o\
    SysDir D:\GAMS\40\
    LogOption 3
    ErrMsg 1
    ErrorLog 99
    IDE 1
    GDX D:\OneDrive\Documents\GitHub\JSSP_optimization_project\GAMS\problem_4_no_eps.gdx
    LstTitleLeftAligned 1
Licensee: GAMS Demo license for Omkar Chaudhari          G220821|0002CO-GEN
          Indian Institute of Technology, India                    DL072038
          D:\GAMS\40\gamslice.txt
          c.omkar@iitg.ac.in, Omkar Chaudhari                              
          Demo license for demonstration and instructional purposes only
Processor information: 1 socket(s), 4 core(s), and 8 thread(s) available
GAMS 40.1.1   Copyright (C) 1987-2022 GAMS Development. All rights reserved
--- Starting compilation
--- problem_4_no_eps.gms(2) 2 Mb
--- call =xls2gms r=Sheet4!b5:b11 i=test_data.xlsx o=set1.inc
--- problem_4_no_eps.gms(3) 2 Mb
--- . set1.inc(18) 3 Mb
--- problem_4_no_eps.gms(6) 3 Mb
--- call =xls2gms r=Sheet4!c4:e4 s="," i=test_data.xlsx o=set2.inc
--- problem_4_no_eps.gms(7) 3 Mb
--- . set2.inc(12) 3 Mb
--- problem_4_no_eps.gms(13) 3 Mb
--- call =xls2gms r=Sheet4!g5:h11 i=test_data.xlsx o=par1.inc
--- problem_4_no_eps.gms(14) 3 Mb
--- . par1.inc(18) 3 Mb
--- problem_4_no_eps.gms(17) 3 Mb
--- call =xls2gms r=Sheet4!j5:k11 i=test_data.xlsx o=par2.inc
--- problem_4_no_eps.gms(18) 3 Mb
--- . par2.inc(18) 3 Mb
--- problem_4_no_eps.gms(21) 3 Mb
--- call =xls2gms r=Sheet4!a16:b18 i=test_data.xlsx o=par3.inc
--- problem_4_no_eps.gms(22) 3 Mb
--- . par3.inc(14) 3 Mb
--- problem_4_no_eps.gms(27) 3 Mb
--- call =xls2gms r=Sheet4!b4:e11 i=test_data.xlsx o=tab1.inc
--- problem_4_no_eps.gms(28) 3 Mb
--- . tab1.inc(19) 3 Mb
--- problem_4_no_eps.gms(33) 3 Mb
--- call =xls2gms r=Sheet4!b15:e22 i=test_data.xlsx o=tab2.inc
--- problem_4_no_eps.gms(34) 3 Mb
--- . tab2.inc(19) 3 Mb
--- problem_4_no_eps.gms(39) 3 Mb
--- call =xls2gms r=Sheet4!h15:o22 i=test_data.xlsx o=tab3.inc
--- problem_4_no_eps.gms(40) 3 Mb
--- . tab3.inc(19) 3 Mb
--- problem_4_no_eps.gms(172) 3 Mb
--- Starting execution: elapsed 0:00:08.872
--- problem_4_no_eps.gms(209) 4 Mb
--- Generating MIP model jssp
--- problem_4_no_eps.gms(308) 4 Mb
---   698 rows  355 columns  2,805 non-zeroes
---   352 discrete-columns
--- Range statistics (absolute non-zero finite values)
--- RHS       [min, max] : [ 1.000E+00, 2.000E+04] - Zero values observed as well
--- Bound     [min, max] : [ 1.000E+00, 2.800E+01] - Zero values observed as well
--- Matrix    [min, max] : [ 1.000E+00, 2.000E+04]
--- Executing CPLEX (Solvelink=2): elapsed 0:00:09.075

IBM ILOG CPLEX   40.1.1 23eb37fb Aug 16, 2022          WEI x86 64bit/MS Window

--- *** This solver runs with a demo license. No commercial use.
--- GMO setup time: 0.00s
--- Space for names approximately 0.02 Mb
--- Use option 'names no' to turn use of names off
--- GMO memory 0.62 Mb (peak 0.62 Mb)
--- Dictionary memory 0.00 Mb
--- Cplex 22.1.0.0 link memory 0.01 Mb (peak 0.08 Mb)
--- Starting Cplex

Version identifier: 22.1.0.0 | 2022-03-09 | 1a383f8ce
CPXPARAM_Advance                                 0
CPXPARAM_Threads                                 1
CPXPARAM_MIP_Display                             4
CPXPARAM_MIP_Pool_Capacity                       0
CPXPARAM_MIP_Tolerances_AbsMIPGap                0
Generic callback                                 0x50
Tried aggregator 2 times.
MIP Presolve eliminated 109 rows and 35 columns.
MIP Presolve modified 1687 coefficients.
Aggregator did 7 substitutions.
Reduced MIP has 581 rows, 313 columns, and 2284 nonzeros.
Reduced MIP has 290 binaries, 23 generals, 0 SOSs, and 0 indicators.
Presolve time = 0.00 sec. (2.36 ticks)
Found incumbent of value 59.000000 after 0.00 sec. (4.74 ticks)
Probing fixed 7 vars, tightened 0 bounds.
Probing time = 0.00 sec. (1.08 ticks)
Tried aggregator 1 time.
Detecting symmetries...
MIP Presolve eliminated 14 rows and 7 columns.
MIP Presolve modified 28 coefficients.
Reduced MIP has 567 rows, 306 columns, and 2242 nonzeros.
Reduced MIP has 283 binaries, 23 generals, 0 SOSs, and 0 indicators.
Presolve time = 0.00 sec. (1.54 ticks)
Probing time = 0.00 sec. (1.08 ticks)
Clique table members: 737.
MIP emphasis: balance optimality and feasibility.
MIP search method: dynamic search.
Parallel mode: none, using 1 thread.
Tried aggregator 1 time.
LP Presolve eliminated 2 rows and 0 columns.
Aggregator did 2 substitutions.
Reduced LP has 563 rows, 304 columns, and 2222 nonzeros.
Presolve time = 0.00 sec. (0.32 ticks)
Initializing dual steep norms . . .

Iteration log . . .
Iteration:     1   Dual objective     =            43.000000
Perturbation started.
Iteration:    51   Dual objective     =            43.000000
Removing perturbation.
Initializing dual steep norms . . .

Iteration log . . .
Iteration:     1   Dual objective     =            43.000000
Root relaxation solution time = 0.00 sec. (1.85 ticks)

        Nodes                                         Cuts/
   Node  Left     Objective  IInf  Best Integer    Best Bound    ItCnt     Gap

*     0+    0                           59.0000        0.0000           100.00%
Found incumbent of value 59.000000 after 0.02 sec. (11.38 ticks)
      0     0       43.0000    47       59.0000       43.0000      101   27.12%
      0     0       43.0000   120       59.0000     Cuts: 123      260   27.12%
      0     0       43.0000    85       59.0000      Cuts: 37      332   27.12%
      0     0       43.0000    64       59.0000      Cuts: 70      384   27.12%
      0     0       43.0000    64       59.0000      Cuts: 33      405   27.12%
Detecting symmetries...
      0     2       43.0000    44       59.0000       43.0000      405   27.12%
Elapsed time = 0.08 sec. (72.79 ticks, tree = 0.01 MB)
*   167   107      integral     0       51.0000       43.0000     4217   15.69%
                                                  Impl Bds: 7                  
Found incumbent of value 51.000000 after 0.16 sec. (188.34 ticks)
    345   201       43.0000    54       51.0000       43.0000     8262   15.69%
                                                     Cuts: 38                  
    530   285        cutoff             51.0000       43.0000    14522   15.69%
                                                     Cuts: 24                  
    702   352       43.0000    68       51.0000       43.0000    22011   15.69%
                                                     Cuts: 36                  
    873   441        cutoff             51.0000       43.0000    29543   15.69%
                                                     Cuts: 16                  
   1058   535        cutoff             51.0000       43.0000    36385   15.69%
                                                     Cuts: 15                  
   1248   626       43.0000    49       51.0000       43.0000    43576   15.69%
                                                      Cuts: 9                  
   1463   712       46.0000    72       51.0000       43.0000    50862   15.69%
                                                      Cuts: 7                  

Performing restart 1

Repeating presolve.
Tried aggregator 1 time.
Reduced MIP has 567 rows, 306 columns, and 2242 nonzeros.
Reduced MIP has 283 binaries, 23 generals, 0 SOSs, and 0 indicators.
Presolve time = 0.00 sec. (1.13 ticks)
Tried aggregator 1 time.
Reduced MIP has 567 rows, 306 columns, and 2242 nonzeros.
Reduced MIP has 283 binaries, 23 generals, 0 SOSs, and 0 indicators.
Presolve time = 0.00 sec. (1.54 ticks)
Represolve time = 0.02 sec. (5.12 ticks)
Tried aggregator 1 time.
LP Presolve eliminated 26 rows and 0 columns.
Reduced LP has 849 rows, 306 columns, and 3486 nonzeros.
Presolve time = 0.00 sec. (0.48 ticks)
Initializing dual steep norms . . .

Iteration log . . .
Iteration:     1   Dual objective     =            43.000000
Perturbation started.
Iteration:    51   Dual objective     =            43.000000
Iteration:   153   Dual objective     =            43.000021
Iteration:   234   Dual objective     =            43.000041
Iteration:   296   Dual objective     =            43.000049
Removing perturbation.
Initializing dual steep norms . . .

Iteration log . . .
Iteration:     1   Dual objective     =            43.000000
   1466     0       43.0000    68       51.0000      Cuts: 25    51403   15.69%
   1466     0       43.0000    69       51.0000     Cuts: 206    51506   15.69%
   1466     0       43.0000    66       51.0000      Cuts: 12    51539   15.69%
   1466     0       43.0000    70       51.0000     Cuts: 145    51632   15.69%
   1466     0       43.0000    69       51.0000      Cuts: 51    51693   15.69%
   1466     0       43.0000    70       51.0000     Cuts: 108    51753   15.69%
   1466     2       43.0000    43       51.0000       43.0000    51753   15.69%
   1559    34       48.0000    24       51.0000       43.0000    53721   15.69%
   2166   180       43.0000    37       51.0000       43.0000    69452   15.69%
                                                     Cuts: 40                  
Elapsed time = 3.00 sec. (3436.24 ticks, tree = 0.08 MB)
*  2205   179      integral     0       50.0000       43.0000    70583   14.00%
Found incumbent of value 50.000000 after 3.05 sec. (3484.84 ticks)
   2766   200       47.0000    34       50.0000       45.0000    92306   10.00%
                                                     Cuts: 34                  

GUB cover cuts applied:  8
Cover cuts applied:  31
Implied bound cuts applied:  14
Flow cuts applied:  4
Mixed integer rounding cuts applied:  22
Zero-half cuts applied:  10
Gomory fractional cuts applied:  5

Root node processing (before b&c):
  Real time             =    0.08 sec. (72.78 ticks)
Sequential b&c:
  Real time             =    4.74 sec. (5403.48 ticks)
                          ------------
Total (root+branch&cut) =    4.81 sec. (5476.26 ticks)

--- MIP status (101): integer optimal solution.
--- Cplex Time: 4.81sec (det. 5476.26 ticks)

--- Fixing integer variables and solving final LP...

Version identifier: 22.1.0.0 | 2022-03-09 | 1a383f8ce
CPXPARAM_Advance                                 2
CPXPARAM_Threads                                 1
CPXPARAM_MIP_Display                             4
CPXPARAM_MIP_Pool_Capacity                       0
CPXPARAM_MIP_Tolerances_AbsMIPGap                0
Tried aggregator 1 time.
LP Presolve eliminated 697 rows and 355 columns.
All rows and columns eliminated.
Presolve time = 0.00 sec. (0.29 ticks)

--- Fixed MIP status (1): optimal.
--- Cplex Time: 0.00sec (det. 0.54 ticks)


Proven optimal solution
MIP Solution:           50.000000    (110884 iterations, 3330 nodes)
Final Solve:            50.000000    (0 iterations)

Best possible:          50.000000
Absolute gap:            0.000000
Relative gap:            0.000000

--- Reading solution for model jssp
--- Executing after solve: elapsed 0:00:15.533
--- problem_4_no_eps.gms(309) 4 Mb
--- GDX File D:\OneDrive\Documents\GitHub\JSSP_optimization_project\GAMS\problem_4_no_eps.gdx
*** Status: Normal completion
--- Job problem_4_no_eps.gms Stop 12/05/22 19:06:19 elapsed 0:00:15.534
