--- Job problem_2_no_eps.gms Start 12/06/22 02:38:50 40.1.1 23eb37fb WEX-WEI x86 64bit/MS Windows
--- Applying:
    D:\GAMS\40\gmsprmNT.txt
--- GAMS Parameters defined
    Input D:\OneDrive\Documents\GitHub\JSSP_optimization_project\GAMS\problem_2_no_eps.gms
    PageSize 0
    ScrDir D:\OneDrive\Documents\GitHub\JSSP_optimization_project\GAMS\225p\
    SysDir D:\GAMS\40\
    LogOption 3
    ErrMsg 1
    ErrorLog 99
    IDE 1
    GDX D:\OneDrive\Documents\GitHub\JSSP_optimization_project\GAMS\problem_2_no_eps.gdx
    LstTitleLeftAligned 1
Licensee: GAMS Demo license for Omkar Chaudhari          G220821|0002CO-GEN
          Indian Institute of Technology, India                    DL072038
          D:\GAMS\40\gamslice.txt
          c.omkar@iitg.ac.in, Omkar Chaudhari                              
          Demo license for demonstration and instructional purposes only
Processor information: 1 socket(s), 4 core(s), and 8 thread(s) available
GAMS 40.1.1   Copyright (C) 1987-2022 GAMS Development. All rights reserved
--- Starting compilation
--- problem_2_no_eps.gms(2) 2 Mb
--- call =xls2gms r=Sheet2!c5:c7 i=test_data.xlsx o=set1.inc
--- problem_2_no_eps.gms(3) 2 Mb
--- . set1.inc(14) 3 Mb
--- problem_2_no_eps.gms(6) 3 Mb
--- call =xls2gms r=Sheet2!d4:e4 s="," i=test_data.xlsx o=set2.inc
--- problem_2_no_eps.gms(7) 3 Mb
--- . set2.inc(12) 3 Mb
--- problem_2_no_eps.gms(13) 3 Mb
--- call =xls2gms r=Sheet2!h4:i6 i=test_data.xlsx o=par1.inc
--- problem_2_no_eps.gms(14) 3 Mb
--- . par1.inc(14) 3 Mb
--- problem_2_no_eps.gms(17) 3 Mb
--- call =xls2gms r=Sheet2!k4:l6 i=test_data.xlsx o=par2.inc
--- problem_2_no_eps.gms(18) 3 Mb
--- . par2.inc(14) 3 Mb
--- problem_2_no_eps.gms(21) 3 Mb
--- call =xls2gms r=Sheet2!b12:c13 i=test_data.xlsx o=par3.inc
--- problem_2_no_eps.gms(22) 3 Mb
--- . par3.inc(13) 3 Mb
--- problem_2_no_eps.gms(27) 3 Mb
--- call =xls2gms r=Sheet2!c4:e7 i=test_data.xlsx o=tab1.inc
--- problem_2_no_eps.gms(28) 3 Mb
--- . tab1.inc(15) 3 Mb
--- problem_2_no_eps.gms(33) 3 Mb
--- call =xls2gms r=Sheet2!c11:e14 i=test_data.xlsx o=tab2.inc
--- problem_2_no_eps.gms(34) 3 Mb
--- . tab2.inc(15) 3 Mb
--- problem_2_no_eps.gms(39) 3 Mb
--- call =xls2gms r=Sheet2!h11:k14 i=test_data.xlsx o=tab3.inc
--- problem_2_no_eps.gms(40) 3 Mb
--- . tab3.inc(15) 3 Mb
--- problem_2_no_eps.gms(172) 3 Mb
--- Starting execution: elapsed 0:00:51.927
--- problem_2_no_eps.gms(184) 4 Mb
--- Generating MIP model jssp
--- problem_2_no_eps.gms(283) 4 Mb
---   146 rows  80 columns  467 non-zeroes
---   77 discrete-columns
--- Range statistics (absolute non-zero finite values)
--- RHS       [min, max] : [ 1.000E+00, 2.000E+04] - Zero values observed as well
--- Bound     [min, max] : [ 1.000E+00, 2.100E+01] - Zero values observed as well
--- Matrix    [min, max] : [ 1.000E+00, 2.000E+04]
--- Executing CPLEX (Solvelink=2): elapsed 0:00:51.938

IBM ILOG CPLEX   40.1.1 23eb37fb Aug 16, 2022          WEI x86 64bit/MS Window

--- *** This solver runs with a demo license. No commercial use.
--- GMO setup time: 0.00s
--- GMO memory 0.53 Mb (peak 0.53 Mb)
--- Dictionary memory 0.00 Mb
--- Cplex 22.1.0.0 link memory 0.00 Mb (peak 0.01 Mb)
--- Starting Cplex

Version identifier: 22.1.0.0 | 2022-03-09 | 1a383f8ce
CPXPARAM_Advance                                 0
CPXPARAM_Threads                                 1
CPXPARAM_MIP_Display                             4
CPXPARAM_MIP_Pool_Capacity                       0
CPXPARAM_MIP_Tolerances_AbsMIPGap                0
Generic callback                                 0x50
Tried aggregator 2 times.
MIP Presolve eliminated 38 rows and 15 columns.
MIP Presolve modified 189 coefficients.
Aggregator did 6 substitutions.
Reduced MIP has 101 rows, 59 columns, and 336 nonzeros.
Reduced MIP has 48 binaries, 11 generals, 0 SOSs, and 0 indicators.
Presolve time = 0.00 sec. (0.37 ticks)
Found incumbent of value 26.000000 after 0.00 sec. (0.67 ticks)
Probing fixed 5 vars, tightened 1 bounds.
Probing time = 0.00 sec. (0.22 ticks)
Cover probing fixed 0 vars, tightened 1 bounds.
Tried aggregator 1 time.
Detecting symmetries...
MIP Presolve eliminated 10 rows and 5 columns.
MIP Presolve modified 24 coefficients.
Reduced MIP has 91 rows, 54 columns, and 302 nonzeros.
Reduced MIP has 44 binaries, 10 generals, 0 SOSs, and 0 indicators.
Presolve time = 0.00 sec. (0.24 ticks)
Probing time = 0.00 sec. (0.17 ticks)
Clique table members: 260.
MIP emphasis: balance optimality and feasibility.
MIP search method: dynamic search.
Parallel mode: none, using 1 thread.
Tried aggregator 1 time.
LP Presolve eliminated 6 rows and 0 columns.
Aggregator did 6 substitutions.
Reduced LP has 79 rows, 48 columns, and 246 nonzeros.
Presolve time = 0.00 sec. (0.06 ticks)
Initializing dual steep norms . . .

Iteration log . . .
Iteration:     1   Dual objective     =            18.000000
Initializing dual steep norms . . .

Iteration log . . .
Iteration:     1   Dual objective     =            18.000000
Root relaxation solution time = 0.00 sec. (0.21 ticks)

        Nodes                                         Cuts/
   Node  Left     Objective  IInf  Best Integer    Best Bound    ItCnt     Gap

*     0+    0                           26.0000       18.0000            30.77%
Found incumbent of value 26.000000 after 0.00 sec. (1.73 ticks)
      0     0       18.0000     8       26.0000       18.0000        9   30.77%
      0     0       18.0000    15       26.0000      Cuts: 30       52   30.77%
*     0+    0                           21.0000       18.0000            14.29%
Found incumbent of value 21.000000 after 0.02 sec. (3.31 ticks)
*     0+    0                           18.0000       18.0000             0.00%
Found incumbent of value 18.000000 after 0.02 sec. (3.40 ticks)
      0     0        cutoff             18.0000       18.0000       52    0.00%
Elapsed time = 0.02 sec. (3.40 ticks, tree = 0.01 MB)

Clique cuts applied:  2
Cover cuts applied:  6
Implied bound cuts applied:  2
Gomory fractional cuts applied:  1

Root node processing (before b&c):
  Real time             =    0.02 sec. (3.41 ticks)
Sequential b&c:
  Real time             =    0.00 sec. (0.00 ticks)
                          ------------
Total (root+branch&cut) =    0.02 sec. (3.41 ticks)

--- MIP status (101): integer optimal solution.
--- Cplex Time: 0.02sec (det. 3.41 ticks)

--- Fixing integer variables and solving final LP...

Version identifier: 22.1.0.0 | 2022-03-09 | 1a383f8ce
CPXPARAM_Advance                                 2
CPXPARAM_Threads                                 1
CPXPARAM_MIP_Display                             4
CPXPARAM_MIP_Pool_Capacity                       0
CPXPARAM_MIP_Tolerances_AbsMIPGap                0
Tried aggregator 1 time.
LP Presolve eliminated 145 rows and 80 columns.
All rows and columns eliminated.
Presolve time = 0.00 sec. (0.06 ticks)

--- Fixed MIP status (1): optimal.
--- Cplex Time: 0.00sec (det. 0.11 ticks)


Proven optimal solution
MIP Solution:           18.000000    (52 iterations, 0 nodes)
Final Solve:            18.000000    (0 iterations)

Best possible:          18.000000
Absolute gap:            0.000000
Relative gap:            0.000000

--- Reading solution for model jssp
--- Executing after solve: elapsed 0:00:52.994
--- problem_2_no_eps.gms(284) 4 Mb
--- GDX File D:\OneDrive\Documents\GitHub\JSSP_optimization_project\GAMS\problem_2_no_eps.gdx
*** Status: Normal completion
--- Job problem_2_no_eps.gms Stop 12/06/22 02:39:43 elapsed 0:00:52.994
